Experiment cubicles_se3
Running on i7
Starting at 2011-12-01T09:24:55.905422
<<<|
Properties of the state space 'SE3CompoundSpace1'
  - dimension: 6
  - extent: 1149.42
  - sanity checks for state space passed
  - probability of valid states: 0.419
  - average length of a valid motion: 171.387
Settings for the state space 'SE3CompoundSpace1'
  - state validity check resolution: 1%
  - valid segment count factor: 1
  - state space:
Compound state space 'SE3CompoundSpace1' of dimension 6 (locked) [
Real vector state space 'RealVectorSpace2' of dimension 3 with bounds: 
  - min: -508.882 -230.129 -123.75 
  - max: 319.618 531.871 101 
 of weight 1
SO(3) state space 'SO3Space3' (represented using quaternions)
 of weight 0.5
]
Registered projections:
  - <default>
Projection of dimension 3
Cell sizes (computed defaults): [41.425 38.1 11.2375]

Declared parameters:
longest_valid_segment_fraction = 0.01
projection.cellsize.0 = 41.424999999999997
projection.cellsize.1 = 38.100001525878909
projection.cellsize.2 = 11.237500000000001
projection.cellsize_factor = 
valid_segment_count_factor = 1
Planner LBKPIECE1 specs:
Multithreaded:                 No
Reports approximate solutions: No
Can optimize solutions:        No
Aware of the following parameters: border_fraction min_valid_path_fraction range
Declared parameters for planner LBKPIECE1:
border_fraction = 0.90000000000000002
min_valid_path_fraction = 0.5
range = 229.88496394302612
Start states:
Compound state [
RealVectorState [-4.96 -40.62 70.57]
SO3State [0 0 0 1]
]
Goal state, threshold = 1e-15, memory address = 0x1c7c1e0, state = 
Compound state [
RealVectorState [200.49 -40.62 70.57]
SO3State [0 0 0 1]
]

Planner properties:
Planner KPIECE1 specs:
Multithreaded:                 No
Reports approximate solutions: Yes
Can optimize solutions:        No
Aware of the following parameters: border_fraction goal_bias min_valid_path_fraction range
Planner KPIECE1 specs:
Multithreaded:                 No
Reports approximate solutions: Yes
Can optimize solutions:        No
Aware of the following parameters: border_fraction goal_bias min_valid_path_fraction range
Planner RRTConnect specs:
Multithreaded:                 No
Reports approximate solutions: No
Can optimize solutions:        No
Aware of the following parameters: range
Planner RRTConnect specs:
Multithreaded:                 No
Reports approximate solutions: No
Can optimize solutions:        No
Aware of the following parameters: range
Planner RRTConnect specs:
Multithreaded:                 No
Reports approximate solutions: No
Can optimize solutions:        No
Aware of the following parameters: range
|>>>
1732882543 is the random seed
8 seconds per run
4096 MB per run
50 runs per planner
118.816 seconds spent to collect the data
5 planners
geometric_KPIECE1
10 common properties
border_fraction = 0.90000000000000002
goal_bias = 0.050000000000000003
longest_valid_segment_fraction = 0.01
min_valid_path_fraction = 0.20000000000000001
projection.cellsize.0 = 20.712499999999999
projection.cellsize.1 = 19.050000762939455
projection.cellsize.2 = 5.6187500000000004
projection.cellsize_factor = 
range = 229.88496394302612
valid_segment_count_factor = 1
22 properties for each run
approximate solution BOOLEAN
correct solution BOOLEAN
correct solution strict BOOLEAN
crashed BOOLEAN
graph motions INTEGER
graph states INTEGER
memory REAL
simplification time REAL
simplified correct solution BOOLEAN
simplified correct solution strict BOOLEAN
simplified solution clearance REAL
simplified solution length REAL
simplified solution segments INTEGER
simplified solution smoothness REAL
solution clearance REAL
solution difference REAL
solution length REAL
solution segments INTEGER
solution smoothness REAL
solved BOOLEAN
time REAL
valid segment fraction REAL
50 runs
0; 1; 1; 0; 1048; 1049; 0.38671875; 0.056794999999999998; 1; 1; 19.18739305511793; 3111.2935844580429; 92; 0.071652326568908145; 13.176246956144457; 0; 8005.0745324299951; 80; 0.046265782286730756; 1; 0.49098900000000001; 0.10340073529411764; 
0; 1; 1; 0; 852; 853; 0.7421875; 0.039255999999999999; 1; 1; 23.931842933846951; 2786.0544587639424; 72; 0.027374890857714104; 13.441138735258995; 0; 5772.840195176188; 70; 0.043429947944250633; 1; 0.40259600000000001; 0.10183189655172414; 
0; 1; 1; 0; 1072; 1073; 0.7421875; 0.055083; 1; 1; 20.782048535005067; 2801.8022704630171; 76; 0.042506847604980996; 10.677134950524426; 0; 8076.4854876367517; 86; 0.066358797671166966; 1; 0.49937300000000001; 0.1044776119402985; 
0; 1; 1; 0; 1087; 1088; 0.7421875; 0.046545999999999997; 1; 1; 21.479132228828451; 2757.6221317836621; 80; 0.14941401376553323; 13.332013952744315; 0; 6983.152943132186; 71; 0.039350640778166648; 1; 0.53109300000000004; 0.10220264317180616; 
0; 1; 1; 0; 1142; 1143; 0.7421875; 0.048034; 1; 1; 19.689326149101074; 2429.0532515255195; 60; 0.018982723442328552; 13.488691050910122; 0; 8376.2370095397891; 87; 0.05117380594721703; 1; 0.548512; 0.064874551971326161; 
0; 1; 1; 0; 771; 772; 0.7421875; 0.057436000000000001; 1; 1; 16.424394549511053; 2560.4543873699308; 76; 0.051573241517047876; 9.905919211868305; 0; 6859.1162655343169; 78; 0.057270350071966007; 1; 0.37845699999999999; 0.078701155751238303; 
0; 1; 1; 0; 605; 606; 0.90234375; 0.047343000000000003; 1; 1; 18.07930045570372; 2460.201132659337; 60; 0.025143281099233809; 9.0197534871350431; 0; 6440.653736444764; 72; 0.054953655120459161; 1; 0.328872; 0.083626141953619115; 
0; 1; 1; 0; 1325; 1326; 0.90234375; 0.129191; 1; 1; 14.746599418045893; 3046.3167236258669; 168; 0.53058905203530626; 10.268548016215528; 0; 8973.9859624547626; 102; 0.079905529619445873; 1; 0.62056699999999998; 0.095143047238855624; 
0; 1; 1; 0; 1010; 1011; 1.16015625; 0.067710000000000006; 1; 1; 18.586974216788796; 2599.3979468332323; 84; 0.051188364967471298; 9.9744236417860961; 0; 6425.2258937865054; 76; 0.051710878180104711; 1; 0.53783199999999998; 0.076242628475147428; 
0; 1; 1; 0; 1069; 1070; 1.3828125; 0.038869000000000001; 1; 1; 19.380728161674377; 2661.2960185928896; 68; 0.024658981740464186; 13.379344403350176; 0; 7820.8469728173459; 80; 0.039419664859286566; 1; 0.51998100000000003; 0.087588210875882103; 
0; 1; 1; 0; 828; 829; 1.4296875; 0.049023999999999998; 1; 1; 18.186255545686681; 2794.1236558383366; 72; 0.050287240039664061; 11.90523117801289; 0; 7787.8372606878229; 88; 0.081540698746365256; 1; 0.40578999999999998; 0.083333333333333329; 
0; 1; 1; 0; 572; 573; 1.4296875; 0.053344000000000003; 1; 1; 16.230460709011034; 2589.3614977190218; 64; 0.024528971742473177; 12.24050295999114; 0; 7099.0615545432902; 78; 0.054511652330310412; 1; 0.27667399999999998; 0.11624072547403133; 
0; 1; 1; 0; 713; 714; 1.3203125; 0.040487000000000002; 1; 1; 20.484574507025652; 2618.4069678283713; 72; 0.033655644599733386; 12.644207126029004; 0; 6174.0570322826798; 62; 0.03611246893943186; 1; 0.34249099999999999; 0.081458966565349539; 
0; 1; 1; 0; 960; 961; 1.3203125; 0.057412999999999999; 1; 1; 19.512723777929789; 2596.0453831824634; 72; 0.041853111429204858; 14.918450857246821; 0; 6919.3729724734949; 85; 0.062513438547913261; 1; 0.46454400000000001; 0.084210526315789472; 
0; 1; 1; 0; 1014; 1015; 1.3203125; 0.050423000000000003; 1; 1; 17.396975590825271; 2719.1868417010055; 76; 0.03149499987907841; 11.865891169935152; 0; 9659.7731030068026; 102; 0.068506315503805454; 1; 0.48407699999999998; 0.068922305764411024; 
0; 1; 1; 0; 671; 672; 1.3203125; 0.056043000000000003; 1; 1; 19.630231427580217; 2552.270130745489; 144; 0.17483360943889389; 14.86375305807065; 0; 5954.3498980715613; 70; 0.048016098475119562; 1; 0.33131100000000002; 0.083776595744680854; 
0; 1; 1; 0; 1624; 1625; 1.5703125; 0.053724000000000001; 1; 1; 23.636846428535197; 2575.3764557956215; 64; 0.023368097205645116; 12.202109241398473; 0; 7371.296815042082; 92; 0.07674617485115956; 1; 0.73378600000000005; 0.090142483280023264; 
0; 1; 1; 0; 566; 567; 1.5859375; 0.052176; 1; 1; 23.1639634214064; 2731.5483614093623; 80; 0.033154338210989093; 10.481193590531131; 0; 6800.4720594238188; 79; 0.05336755707955531; 1; 0.26769100000000001; 0.086883876357560563; 
0; 1; 1; 0; 1020; 1021; 1.5859375; 0.066879999999999995; 1; 1; 20.72970052010626; 2713.0351847132092; 128; 0.28811250438846475; 16.398209159062311; 0; 8675.4244494311661; 88; 0.051232989786634396; 1; 0.51033700000000004; 0.0832244008714597; 
0; 1; 1; 0; 813; 814; 1.5859375; 0.043632999999999998; 1; 1; 26.687917092791189; 2723.7971670659026; 60; 0.01610157598232087; 8.9441440772932292; 0; 8173.9044331847426; 90; 0.067850027422123413; 1; 0.38966000000000001; 0.11753614079195475; 
0; 1; 1; 0; 837; 838; 1.5859375; 0.058507999999999998; 1; 1; 19.668868126873534; 3072.781680943659; 96; 0.098373994496970332; 10.989421281508889; 0; 6033.6435774455758; 63; 0.042489459066471398; 1; 0.41750399999999999; 0.075285565939771551; 
0; 1; 1; 0; 732; 733; 1.5859375; 0.064875000000000002; 1; 1; 18.49962297797568; 2853.2009814228877; 80; 0.043434668412360267; 11.550308337386252; 0; 7667.7533280473563; 76; 0.037172171679083807; 1; 0.35806300000000002; 0.099752168525402723; 
0; 1; 1; 0; 737; 738; 1.5859375; 0.067346000000000003; 1; 1; 16.197472384293018; 2603.1566019803463; 136; 0.095541420103556166; 10.02094232908602; 0; 7391.3036277027568; 82; 0.053779708447167542; 1; 0.34215699999999999; 0.070952092177077014; 
0; 1; 1; 0; 1222; 1223; 1.5859375; 0.062561000000000005; 1; 1; 21.191951419544552; 2711.7157474106789; 152; 0.13302168651492366; 14.10146589572207; 0; 6873.0263384194795; 74; 0.079548279826809273; 1; 0.60464099999999998; 0.073529411764705885; 
0; 1; 1; 0; 926; 927; 1.5859375; 0.050540000000000002; 1; 1; 18.665715809271894; 2593.452984850167; 72; 0.034603242563389272; 12.612316079237115; 0; 9706.260436221035; 96; 0.055120644185706384; 1; 0.47356799999999999; 0.080309627479438803; 
0; 1; 1; 0; 524; 525; 1.5859375; 0.066608000000000001; 1; 1; 16.667378480898105; 2654.3363599470495; 168; 0.21457824008487397; 15.836297198753492; 0; 6892.0071312524769; 77; 0.054661636626909087; 1; 0.26842700000000003; 0.10413080895008606; 
0; 1; 1; 0; 1035; 1036; 1.5859375; 0.041819000000000002; 1; 1; 23.714385031209581; 2511.6550791413088; 60; 0.024807320693013845; 13.558043858552233; 0; 5903.1724864086864; 60; 0.034576468206487507; 1; 0.48530400000000001; 0.077512776831345831; 
0; 1; 1; 0; 805; 806; 1.5859375; 0.045586000000000002; 1; 1; 17.841795059750712; 2767.4301644136985; 76; 0.04754437157683232; 12.016563139606594; 0; 7407.999663485075; 77; 0.047818790063175125; 1; 0.38815899999999998; 0.11526855763427882; 
0; 1; 1; 0; 1207; 1208; 1.5859375; 0.052608000000000002; 1; 1; 15.523369838079184; 2490.3698299062257; 64; 0.027625969047421681; 12.817624239758509; 0; 6979.7029529820866; 85; 0.071602565464966031; 1; 0.55250900000000003; 0.077874818049490535; 
0; 1; 1; 0; 964; 965; 1.5859375; 0.053171999999999997; 1; 1; 20.134701266175078; 2760.108451584123; 72; 0.037793782050042538; 12.666218187044603; 0; 7408.5928133096231; 81; 0.053227469980554151; 1; 0.450901; 0.096437054631828972; 
0; 1; 1; 0; 987; 988; 1.5859375; 0.058126999999999998; 1; 1; 19.280758722476989; 2720.5514021356462; 72; 0.038436096579190532; 12.249690605400966; 0; 7291.2341354276441; 85; 0.051121836371836385; 1; 0.45172899999999999; 0.10842779694430754; 
0; 1; 1; 0; 1435; 1436; 1.5859375; 0.069364999999999996; 1; 1; 21.666653274822561; 2469.2482975183443; 76; 0.035251100831453969; 11.568503827896144; 0; 10302.819590932972; 126; 0.090662886581061752; 1; 0.74404999999999999; 0.074920451258316464; 
0; 1; 1; 0; 1209; 1210; 1.5859375; 0.060593000000000001; 1; 1; 17.370348170281311; 2451.847572622868; 76; 0.044804461373172455; 11.57132794386585; 0; 8722.8878881131386; 92; 0.05420450324350061; 1; 0.56614799999999998; 0.076667895318835236; 
0; 1; 1; 0; 1453; 1454; 1.5859375; 0.051074000000000001; 1; 1; 21.644007991890188; 2769.2983579079164; 68; 0.017672428186154013; 11.839178135210915; 0; 7166.0268715176144; 75; 0.06618944651988426; 1; 0.68734700000000004; 0.065738821439147166; 
0; 1; 1; 0; 925; 926; 1.5859375; 0.051660999999999999; 1; 1; 18.711178854808999; 2781.3562174543376; 144; 0.18142809630747528; 12.77283765158964; 0; 7049.4045248682733; 78; 0.058061178724674894; 1; 0.46088299999999999; 0.13031474323578135; 
0; 1; 1; 0; 1179; 1180; 1.5859375; 0.094967999999999997; 1; 1; 19.220721866571097; 2731.3774924525155; 136; 0.1521519453707221; 13.742956685354441; 0; 8260.7220090359115; 95; 0.057507317862939014; 1; 0.57047000000000003; 0.07324044301536263; 
0; 1; 1; 0; 1319; 1320; 1.5859375; 0.054198999999999997; 1; 1; 15.705352241677172; 2394.9451125669493; 72; 0.047169174481071212; 11.168495527808671; 0; 8501.9542824098771; 90; 0.057571732865444807; 1; 0.64999300000000004; 0.084806810740013103; 
0; 1; 1; 0; 1142; 1143; 1.5859375; 0.055202000000000001; 1; 1; 16.680829093886096; 2802.3484365689196; 84; 0.16628202360432442; 11.73480269805283; 0; 7283.958123249954; 80; 0.062235055495812; 1; 0.54962100000000003; 0.076333089846603364; 
0; 1; 1; 0; 565; 566; 1.5859375; 0.067630999999999997; 1; 1; 13.490073098948935; 2682.2169900560148; 152; 0.34920747203746477; 15.551290026283558; 0; 5217.4267836761746; 58; 0.040838646654885541; 1; 0.291856; 0.070100143061516448; 
0; 1; 1; 0; 579; 580; 1.5859375; 0.043722999999999998; 1; 1; 23.514702667833848; 2937.1588542439367; 160; 0.24547551781077379; 12.393673903484; 0; 5099.8570436375967; 51; 0.042724416435560408; 1; 0.28491899999999998; 0.086718749999999997; 
0; 1; 1; 0; 1074; 1075; 1.5859375; 0.045130000000000003; 1; 1; 16.041107563081439; 2594.8187458231614; 68; 0.025285788560089794; 12.375643132491083; 0; 7348.5824993569204; 77; 0.043295257436452246; 1; 0.53381800000000001; 0.08717310087173101; 
0; 1; 1; 0; 975; 976; 1.5859375; 0.078435000000000005; 1; 1; 16.491171761132705; 2682.3193807474067; 136; 0.11583698404110283; 12.319133283639644; 0; 10373.174024445872; 117; 0.082511545482905652; 1; 0.45025100000000001; 0.092807424593967514; 
0; 1; 1; 0; 889; 890; 1.5859375; 0.043991000000000002; 1; 1; 19.31017272019216; 2730.6348985352338; 68; 0.029629058604199551; 10.13229698154958; 0; 6637.9535494027004; 65; 0.045963391160105407; 1; 0.447602; 0.071790151863782792; 
0; 1; 1; 0; 1953; 1954; 1.5859375; 0.050922000000000002; 1; 1; 22.851123765901967; 2673.5591887683604; 72; 0.034304187389121929; 13.282179769301671; 0; 6869.449165285987; 80; 0.073729346742727547; 1; 1.0006060000000001; 0.10186116700201207; 
0; 1; 1; 0; 924; 925; 1.875; 0.050403999999999997; 1; 1; 20.710484398755828; 2462.829619875492; 72; 0.05096871911193207; 14.667781760249039; 0; 7125.1676811428806; 76; 0.038672610552261857; 1; 0.48480000000000001; 0.057395143487858721; 
0; 1; 1; 0; 1486; 1487; 1.875; 0.063607999999999998; 1; 1; 14.240880092043106; 2891.6931167887374; 76; 0.083092474036274358; 10.60327859022602; 0; 10342.078423563951; 121; 0.089869711718784565; 1; 0.69971899999999998; 0.097414880201765447; 
0; 1; 1; 0; 844; 845; 1.875; 0.054865999999999998; 1; 1; 17.128948397164226; 2571.8716284033294; 68; 0.025340369056282046; 12.332914536785843; 0; 7184.7162858495494; 73; 0.039653658144749915; 1; 0.41503800000000002; 0.072440944881889763; 
0; 1; 1; 0; 835; 836; 1.875; 0.055139000000000001; 1; 1; 20.980874716281338; 2793.9518135270605; 92; 0.071803840187851381; 12.917716541012723; 0; 5852.9114580446549; 66; 0.039478505090579284; 1; 0.40251300000000001; 0.097380410022779043; 
0; 1; 1; 0; 1308; 1309; 1.875; 0.055763; 1; 1; 17.616534351122098; 2739.3053761434094; 80; 0.053458322716358204; 10.859161437072416; 0; 8953.300661853802; 107; 0.083109956169669291; 1; 0.60489300000000001; 0.097316636851520574; 
0; 1; 1; 0; 915; 916; 1.875; 0.064620999999999998; 1; 1; 14.542735502766236; 2622.1645137901223; 128; 0.17244649051110938; 11.297772802625007; 0; 9421.0558810954917; 102; 0.080768921761637621; 1; 0.47564400000000001; 0.096774193548387094; 
.
geometric_KPIECE1
10 common properties
border_fraction = 0.90000000000000002
goal_bias = 0.050000000000000003
longest_valid_segment_fraction = 0.01
min_valid_path_fraction = 0.20000000000000001
projection.cellsize.0 = 82.849999999999994
projection.cellsize.1 = 76.200003051757818
projection.cellsize.2 = 22.475000000000001
projection.cellsize_factor = 
range = 229.88496394302612
valid_segment_count_factor = 1
22 properties for each run
approximate solution BOOLEAN
correct solution BOOLEAN
correct solution strict BOOLEAN
crashed BOOLEAN
graph motions INTEGER
graph states INTEGER
memory REAL
simplification time REAL
simplified correct solution BOOLEAN
simplified correct solution strict BOOLEAN
simplified solution clearance REAL
simplified solution length REAL
simplified solution segments INTEGER
simplified solution smoothness REAL
solution clearance REAL
solution difference REAL
solution length REAL
solution segments INTEGER
solution smoothness REAL
solved BOOLEAN
time REAL
valid segment fraction REAL
50 runs
0; 1; 1; 0; 654; 655; 1.875; 0.047856999999999997; 1; 1; 19.588996655411645; 2528.6690071725156; 128; 0.23057986013854551; 12.499178537393034; 0; 5528.0319184399987; 59; 0.049328263716727126; 1; 0.29905700000000002; 0.0964722822174226; 
0; 1; 1; 0; 506; 507; 1.875; 0.057674999999999997; 1; 1; 22.599434280151556; 2883.9470702194367; 84; 0.061955230581324648; 11.11381380334087; 0; 6408.1960030597857; 69; 0.047078268485957309; 1; 0.27025500000000002; 0.077694235588972427; 
0; 1; 1; 0; 1543; 1544; 1.875; 0.069955000000000003; 1; 1; 17.844276603457303; 3002.5369388858371; 84; 0.1004351658641422; 8.8030405166777506; 0; 8913.247816761912; 107; 0.09387426767514527; 1; 0.78084299999999995; 0.10091185410334347; 
0; 1; 1; 0; 634; 635; 1.875; 0.057661999999999998; 1; 1; 20.175186197944566; 2557.0340121955041; 128; 0.11131115180055585; 10.310514219104718; 0; 7131.5911800359172; 83; 0.055006861872243795; 1; 0.32846500000000001; 0.065414507772020722; 
0; 1; 1; 0; 1067; 1068; 1.875; 0.049149999999999999; 1; 1; 23.356578282154729; 2868.0076779646633; 80; 0.068652410264839508; 13.078142506540896; 0; 6876.1420558298578; 76; 0.067105910158322749; 1; 0.55098400000000003; 0.078369905956112859; 
0; 1; 1; 0; 366; 367; 1.875; 0.048571000000000003; 1; 1; 22.418515229592114; 2489.04737539915; 68; 0.021924367004588861; 12.346217186806568; 0; 5625.5948768771432; 64; 0.057913303785838477; 1; 0.18060499999999999; 0.077519379844961239; 
0; 1; 1; 0; 818; 819; 1.875; 0.044587000000000002; 1; 1; 22.432821618471976; 2695.7801334150104; 72; 0.060587739870132842; 10.511082242875597; 0; 5660.3349914650407; 62; 0.03116034509817665; 1; 0.42397299999999999; 0.076841547429782719; 
0; 1; 1; 0; 981; 982; 1.98828125; 0.063711000000000004; 1; 1; 21.652589986572526; 2723.952032399754; 92; 0.098303501071565061; 13.728983607357902; 0; 6626.632592765226; 81; 0.070179539202200741; 1; 0.49618699999999999; 0.10658455708195168; 
0; 1; 1; 0; 924; 925; 2.06640625; 0.047538999999999998; 1; 1; 20.646028611592929; 2681.7768604538842; 76; 0.061254536715664075; 12.478628951856226; 0; 7318.7142495187863; 78; 0.042774459125367564; 1; 0.43191600000000002; 0.086912582112177866; 
0; 1; 1; 0; 1482; 1483; 2.06640625; 0.062575000000000006; 1; 1; 19.366764128252189; 2584.1825505677266; 136; 0.090119148082809658; 11.868849823843538; 0; 7621.1290671585839; 87; 0.056796926785445186; 1; 0.71252700000000002; 0.081003170942634761; 
0; 1; 1; 0; 1597; 1598; 2.203125; 0.070401000000000005; 1; 1; 18.567964401975676; 2521.2760101777508; 120; 0.07104618046834138; 12.159146442198436; 0; 8964.2092745927912; 97; 0.052988815899624155; 1; 0.81361300000000003; 0.073266806722689079; 
0; 1; 1; 0; 714; 715; 2.203125; 0.062538999999999997; 1; 1; 21.822268637304568; 3017.3745118944248; 144; 0.12924781524093967; 11.971092842383388; 0; 8146.0599586212065; 88; 0.049704703703942275; 1; 0.34194999999999998; 0.11878453038674033; 
0; 1; 1; 0; 895; 896; 2.203125; 0.061090999999999999; 1; 1; 17.382052174340245; 2474.806583942277; 64; 0.019770693579662962; 11.860644218618049; 0; 7726.7337259064589; 82; 0.073697377854585855; 1; 0.440716; 0.10351966873706005; 
0; 1; 1; 0; 984; 985; 2.203125; 0.056413999999999999; 1; 1; 21.380924154825646; 2537.3886697557746; 72; 0.028910086761618065; 9.7863407385579464; 0; 8568.9846209012121; 95; 0.079965322804583044; 1; 0.48352800000000001; 0.084679179397642954; 
0; 1; 1; 0; 1284; 1285; 2.203125; 0.056117; 1; 1; 23.565833355514396; 2605.8246072923725; 120; 0.1181787335247039; 12.798715530630394; 0; 8615.3205629123095; 89; 0.046341100367906077; 1; 0.68572500000000003; 0.069042316258351888; 
0; 1; 1; 0; 1359; 1360; 2.203125; 0.058268; 1; 1; 21.96885058475273; 2736.1494607965101; 68; 0.035670930659189276; 9.4500477637654186; 0; 7562.9939991331048; 91; 0.081634452977032659; 1; 0.69125400000000004; 0.082087072116982393; 
0; 1; 1; 0; 795; 796; 2.203125; 0.05425; 1; 1; 20.477560230923778; 2657.9483227524952; 72; 0.039585379035199472; 10.257581651305896; 0; 6546.0251083438334; 72; 0.053280217827799105; 1; 0.39660200000000001; 0.11172161172161173; 
0; 1; 1; 0; 1277; 1278; 2.203125; 0.052333999999999999; 1; 1; 16.0545923534793; 2577.8162260284976; 84; 0.094953053934219711; 12.576875814701372; 0; 7074.7257381230384; 69; 0.038242708070447752; 1; 0.620529; 0.09627216793340572; 
0; 1; 1; 0; 867; 868; 2.203125; 0.049402000000000001; 1; 1; 19.915015902577885; 2564.3414803450378; 72; 0.043835230557196597; 11.950012908630208; 0; 6982.0878030733593; 80; 0.061173814649122464; 1; 0.43442599999999998; 0.075318066157760807; 
0; 1; 1; 0; 1614; 1615; 2.203125; 0.073566000000000006; 1; 1; 13.26705549700444; 2715.455553315122; 144; 0.19438599502207443; 9.148238407126378; 0; 8488.2997380723264; 96; 0.067330285655933006; 1; 0.76400999999999997; 0.089909808342728298; 
0; 1; 1; 0; 1171; 1172; 2.26953125; 0.063839999999999994; 1; 1; 17.121637701983829; 2762.8738617820363; 80; 0.045376648771348928; 11.928196088316151; 0; 9678.3863191746077; 105; 0.070757505171567897; 1; 0.62485299999999999; 0.073776479181884583; 
0; 1; 1; 0; 1032; 1033; 2.26953125; 0.061476000000000003; 1; 1; 24.730134412959224; 2545.0634354341487; 80; 0.035244878928643586; 12.676868034729125; 0; 7210.3581012569275; 82; 0.068418162732461235; 1; 0.51712100000000005; 0.095127610208816701; 
0; 1; 1; 0; 516; 517; 2.26953125; 0.070905999999999997; 1; 1; 19.458712098721019; 2589.804164477328; 144; 0.26780235000095387; 11.519320455691858; 0; 6499.01371203704; 75; 0.070844885053171963; 1; 0.27426800000000001; 0.11433597185576078; 
0; 1; 1; 0; 1043; 1044; 2.26953125; 0.065739000000000006; 1; 1; 22.748701111104879; 2666.6134731776101; 76; 0.04390285311671694; 8.9655101302794584; 0; 9385.3117816920549; 101; 0.065050519351719752; 1; 0.54775300000000005; 0.061713836477987422; 
0; 1; 1; 0; 719; 720; 2.26953125; 0.055674000000000001; 1; 1; 21.980041953396658; 2594.262573188767; 112; 0.060107924245352114; 12.236342498522902; 0; 7250.2247378569073; 77; 0.04343400297540681; 1; 0.34709899999999999; 0.065603923973022685; 
0; 1; 1; 0; 1166; 1167; 2.26953125; 0.121918; 1; 1; 19.102026692907213; 2839.7312127994173; 152; 0.39381394372694706; 11.707598178392507; 0; 6444.7236805605098; 75; 0.063057441565392183; 1; 0.53643399999999997; 0.10526315789473684; 
0; 1; 1; 0; 1280; 1281; 2.26953125; 0.065365999999999994; 1; 1; 17.54479899923388; 3017.62824007685; 84; 0.12911624178087636; 12.30331363818182; 0; 7898.8411667909349; 85; 0.055660245425737963; 1; 0.63596600000000003; 0.099963383376052733; 
0; 1; 1; 0; 1526; 1527; 2.26953125; 0.048502000000000003; 1; 1; 21.678016522292253; 2400.7566645583847; 64; 0.023037013649480038; 12.924730020155685; 0; 10490.326379737387; 113; 0.066323847930619198; 1; 0.78586199999999995; 0.075028636884306985; 
0; 1; 1; 0; 870; 871; 2.26953125; 0.068455000000000002; 1; 1; 22.030833125277585; 2673.7715021417089; 136; 0.12524848078947767; 12.227872576166822; 0; 9611.4716904341294; 102; 0.06171419447983343; 1; 0.41197099999999998; 0.094902386117136653; 
0; 1; 1; 0; 1253; 1254; 2.26953125; 0.063259999999999997; 1; 1; 14.864880397857968; 2596.8474394915511; 144; 0.2467897067538585; 11.804968575027136; 0; 8812.3728232138455; 94; 0.068093359568037207; 1; 0.63472200000000001; 0.12122416534181241; 
0; 1; 1; 0; 942; 943; 2.26953125; 0.052608000000000002; 1; 1; 21.298084962635752; 2587.0304153487718; 80; 0.052162465494110632; 10.938521974038645; 0; 6472.6740019661665; 73; 0.04809254373257156; 1; 0.50063299999999999; 0.090106827682303756; 
0; 1; 1; 0; 1141; 1142; 2.26953125; 0.061093000000000001; 1; 1; 23.061388765943914; 2689.125686600577; 72; 0.03703387833600412; 13.203199146011002; 0; 6670.0737665274664; 75; 0.048965429341222673; 1; 0.63872899999999999; 0.079679756004574914; 
0; 1; 1; 0; 1198; 1199; 2.26953125; 0.057386; 1; 1; 17.118753702437864; 2815.1987225635703; 80; 0.049212717375219539; 11.590518833719022; 0; 7423.6579321706158; 80; 0.049101754291864502; 1; 0.59384499999999996; 0.076295244854506741; 
0; 1; 1; 0; 1164; 1165; 2.26953125; 0.074428999999999995; 1; 1; 21.163855858372326; 2691.4256216104745; 152; 0.14293527032711009; 11.509450908690445; 0; 7301.243920309912; 83; 0.050064551478401394; 1; 0.57541399999999998; 0.086047446722959386; 
0; 1; 1; 0; 957; 958; 2.26953125; 0.064904000000000003; 1; 1; 20.162986707443508; 3041.6302973788079; 88; 0.041323491908879628; 14.279988701842928; 0; 7779.03967058741; 80; 0.045456115178368652; 1; 0.58422399999999997; 0.078910286519492723; 
0; 1; 1; 0; 1005; 1006; 2.26953125; 0.055064000000000002; 1; 1; 21.788556285035121; 2463.5433773820305; 64; 0.022475847565877002; 10.099249754260098; 0; 8686.5368942078057; 99; 0.073993918107671627; 1; 0.494307; 0.087759815242494224; 
0; 1; 1; 0; 1128; 1129; 2.26953125; 0.048195000000000002; 1; 1; 15.678969584764745; 2647.3896889571652; 80; 0.087523816836779011; 12.383604303397561; 0; 7614.6390791062313; 81; 0.039077866557520852; 1; 0.58769300000000002; 0.084020416175893203; 
0; 1; 1; 0; 1410; 1411; 2.26953125; 0.052538000000000001; 1; 1; 16.667486570999618; 2649.2975075294471; 72; 0.031307983406706284; 8.4354968716463272; 0; 7505.1522975011876; 77; 0.044578245443705214; 1; 0.69839200000000001; 0.11017543859649123; 
0; 1; 1; 0; 786; 787; 2.26953125; 0.045682; 1; 1; 21.568435506459981; 2473.8630331363115; 60; 0.019452097188517377; 10.320087969448302; 0; 7284.2942850014206; 83; 0.076960937724887477; 1; 0.36911899999999997; 0.083568605307735744; 
0; 1; 1; 0; 1175; 1176; 2.26953125; 0.056735000000000001; 1; 1; 19.687522489068861; 2540.4839445522061; 68; 0.086169704770564279; 11.115392384434671; 0; 9948.6948732032124; 108; 0.067517596517309195; 1; 0.56491999999999998; 0.07552650689905592; 
0; 1; 1; 0; 662; 663; 2.26953125; 0.062772999999999995; 1; 1; 20.997443923660956; 2653.9820626600008; 136; 0.11547139283619437; 11.712220601126688; 0; 8753.2549435036908; 92; 0.069046969892430976; 1; 0.34986800000000001; 0.097289784572619872; 
0; 1; 1; 0; 1248; 1249; 2.26953125; 0.056755; 1; 1; 22.121517869019339; 2517.8414172214889; 72; 0.022046374950742634; 14.925381756296735; 0; 8371.819909786951; 88; 0.046849736674441526; 1; 0.56209900000000002; 0.096823574435514731; 
0; 1; 1; 0; 1188; 1189; 2.26953125; 0.059290000000000002; 1; 1; 17.945918592228495; 2612.7713263446049; 80; 0.051602812857606956; 12.243256589217987; 0; 6503.1109106337235; 67; 0.043337012929681812; 1; 0.57910600000000001; 0.10155937624950021; 
0; 1; 1; 0; 1053; 1054; 2.26953125; 0.060719000000000002; 1; 1; 14.935737028508855; 2767.7091711185058; 72; 0.034109645551939093; 10.564407246074522; 0; 7737.6469277466713; 92; 0.071337929659761615; 1; 0.52682899999999999; 0.068309554690877641; 
0; 1; 1; 0; 1157; 1158; 2.26953125; 0.106873; 1; 1; 15.89754372448153; 2244.4811258133309; 60; 0.034613081735051537; 11.760471368372592; 0; 6797.7119253177534; 76; 0.055517624335134207; 1; 0.57802200000000004; 0.088039867109634545; 
0; 1; 1; 0; 1229; 1230; 2.26953125; 0.049350999999999999; 1; 1; 22.865941960966452; 2707.2032199104156; 68; 0.028495618358213053; 14.524139406089045; 0; 10242.157325933194; 104; 0.055317957817104961; 1; 0.62764200000000003; 0.1142740951606344; 
0; 1; 1; 0; 1030; 1031; 2.26953125; 0.088430999999999996; 1; 1; 20.62488135153604; 2895.6877911337829; 76; 0.072368300192514307; 12.22699554660276; 0; 7163.5961115185937; 80; 0.06152617462036012; 1; 0.51107999999999998; 0.066066066066066062; 
0; 1; 1; 0; 1095; 1096; 2.26953125; 0.057764999999999997; 1; 1; 17.733736359895548; 2462.7735086083248; 76; 0.099840386177824453; 9.73365207455711; 0; 5865.1738972400753; 67; 0.041181423828867865; 1; 0.51485400000000003; 0.12205270457697642; 
0; 1; 1; 0; 1385; 1386; 2.26953125; 0.076091000000000006; 1; 1; 16.11473391241341; 2598.082882365753; 152; 0.26145039235313478; 13.918567443686023; 0; 8338.9270253258401; 93; 0.056155765900256734; 1; 0.75407299999999999; 0.082618366698442955; 
0; 1; 1; 0; 983; 984; 2.26953125; 0.054632; 1; 1; 14.988933816881193; 2690.4745399850281; 76; 0.094924972352483705; 9.2416400065614344; 0; 7211.6736947797062; 83; 0.067049501604337355; 1; 0.49834099999999998; 0.071428571428571425; 
.
geometric_RRTConnect
7 common properties
longest_valid_segment_fraction = 0.01
projection.cellsize.0 = 82.849999999999994
projection.cellsize.1 = 76.200003051757818
projection.cellsize.2 = 22.475000000000001
projection.cellsize_factor = 
range = 50
valid_segment_count_factor = 1
22 properties for each run
approximate solution BOOLEAN
correct solution BOOLEAN
correct solution strict BOOLEAN
crashed BOOLEAN
graph motions INTEGER
graph states INTEGER
memory REAL
simplification time REAL
simplified correct solution BOOLEAN
simplified correct solution strict BOOLEAN
simplified solution clearance REAL
simplified solution length REAL
simplified solution segments INTEGER
simplified solution smoothness REAL
solution clearance REAL
solution difference REAL
solution length REAL
solution segments INTEGER
solution smoothness REAL
solved BOOLEAN
time REAL
valid segment fraction REAL
50 runs
0; 1; 1; 0; 178; 180; 2.26953125; 0.049498; 1; 1; 13.321525242769809; 2458.6378710469507; 92; 0.042937853310204617; 16.184475150154761; 0; 2975.2735779502759; 61; 0.020904627930091093; 1; 0.13428200000000001; 0.89898989898989901; 
0; 1; 1; 0; 159; 161; 2.2890625; 0.040237000000000002; 1; 1; 15.671051724394703; 2408.566885094297; 80; 0.024669841571635136; 17.082036977185449; 0; 3210.5800102007893; 66; 0.021057546443681744; 1; 0.114999; 0.92441860465116277; 
0; 1; 1; 0; 221; 223; 2.2890625; 0.057891999999999999; 1; 1; 12.297485249800122; 2399.5621707495511; 128; 0.087621539706044263; 14.283061173451744; 0; 3092.0195567578917; 64; 0.023721357971165674; 1; 0.15817400000000001; 0.90946502057613166; 
0; 1; 1; 0; 356; 358; 2.2890625; 0.056465000000000001; 1; 1; 13.758003199063781; 2305.2950517606046; 104; 0.045225433893004499; 13.213552029064491; 0; 3089.5208892324317; 64; 0.028807094251341807; 1; 0.30646099999999998; 0.81278538812785384; 
0; 1; 1; 0; 250; 252; 2.2890625; 0.058924999999999998; 1; 1; 12.083988929305123; 2279.3769357559327; 144; 0.14426003457275044; 14.673016753828165; 0; 2812.9739696735828; 58; 0.021204285669975512; 1; 0.186641; 0.88967971530249113; 
0; 1; 1; 0; 239; 241; 2.2890625; 0.048302999999999999; 1; 1; 18.39086675004658; 2222.0217097788836; 72; 0.03422992021148738; 15.433456626011688; 0; 2717.0397740200724; 57; 0.021601692925865192; 1; 0.20058200000000001; 0.89513108614232206; 
0; 1; 1; 0; 336; 338; 2.2890625; 0.048148000000000003; 1; 1; 15.570164785174704; 2344.9410253019305; 68; 0.028812978848160437; 15.180634202823509; 0; 3107.5611092800796; 65; 0.0214138388139028; 1; 0.30326700000000001; 0.80000000000000004; 
0; 1; 1; 0; 262; 264; 2.2890625; 0.053834; 1; 1; 17.144422110452794; 2339.5469789823596; 136; 0.069804493681335109; 17.158458362698042; 0; 3129.7443998448653; 66; 0.033064910915099228; 1; 0.22595799999999999; 0.86184210526315785; 
0; 1; 1; 0; 339; 341; 2.2890625; 0.059090999999999998; 1; 1; 16.095189473531775; 2247.555376510888; 112; 0.071363154736120663; 18.491714790700492; 0; 3029.1858192872328; 63; 0.024664880649306348; 1; 0.31962000000000002; 0.9064171122994652; 
0; 1; 1; 0; 276; 278; 2.2890625; 0.056874000000000001; 1; 1; 12.73722820756117; 2472.4656572888903; 100; 0.052466479663887858; 14.361151654760084; 0; 2985.8904214667791; 63; 0.028896259243277683; 1; 0.24728800000000001; 0.83890577507598785; 
0; 1; 1; 0; 279; 281; 2.2890625; 0.057595; 1; 1; 14.343016247609059; 2350.1197417031785; 152; 0.13397769229318993; 17.510302329806596; 0; 2914.370491370742; 60; 0.024638397318059925; 1; 0.233789; 0.82058823529411762; 
0; 1; 1; 0; 250; 252; 2.2890625; 0.059853000000000003; 1; 1; 16.055680132139017; 2496.5170392954719; 144; 0.076646496650539478; 14.335393203301814; 0; 3374.2756085399042; 69; 0.024495131954317517; 1; 0.20439499999999999; 0.85616438356164382; 
0; 1; 1; 0; 316; 318; 2.2890625; 0.035698000000000001; 1; 1; 11.617918750700385; 2224.5838330484512; 64; 0.021914964796051636; 18.136090322591919; 0; 2941.6021903213145; 60; 0.019815528585746419; 1; 0.26938400000000001; 0.8381962864721485; 
0; 1; 1; 0; 261; 263; 2.2890625; 0.061878000000000002; 1; 1; 12.248380017888573; 2549.792078906959; 84; 0.036780665802135633; 14.370958990255215; 0; 3283.9419069974929; 69; 0.029483871354703109; 1; 0.20736599999999999; 0.82594936708860756; 
0; 1; 1; 0; 263; 265; 2.2890625; 0.051177; 1; 1; 17.820437982494528; 2450.3214867449351; 76; 0.022226260095406937; 16.046595692281834; 0; 3155.895346809436; 65; 0.022737334082050961; 1; 0.17980499999999999; 0.90068493150684936; 
0; 1; 1; 0; 325; 327; 2.2890625; 0.054119; 1; 1; 14.627884811392166; 2370.4173142677701; 92; 0.028823170166935828; 14.032081841873007; 0; 3025.3594720642236; 63; 0.034306149185282984; 1; 0.26954099999999998; 0.82487309644670048; 
0; 1; 1; 0; 132; 134; 2.2890625; 0.047759000000000003; 1; 1; 13.359552275932391; 2465.3042984206049; 92; 0.045936077251174386; 15.216707675780565; 0; 2976.3563145331814; 61; 0.021938864030648549; 1; 0.10025000000000001; 0.94964028776978415; 
0; 1; 1; 0; 231; 233; 2.2890625; 0.035472999999999998; 1; 1; 14.877443058791208; 2395.23624544628; 42; 0.0064638618683887598; 15.015414969400096; 0; 2894.8838292973223; 61; 0.017129969411566338; 1; 0.172204; 0.90944881889763785; 
0; 1; 1; 0; 257; 259; 2.2890625; 0.053629999999999997; 1; 1; 12.484348238159052; 2407.2916731396772; 80; 0.032205543594932405; 14.048486854541085; 0; 2992.7923202049274; 62; 0.020379407279846027; 1; 0.21889; 0.91785714285714282; 
0; 1; 1; 0; 207; 209; 2.2890625; 0.065027000000000001; 1; 1; 10.40039297944123; 2395.1670287657921; 96; 0.041538307434131054; 13.449565839752852; 0; 2926.8564448375009; 61; 0.020303251747637762; 1; 0.16991100000000001; 0.8448979591836735; 
0; 1; 1; 0; 260; 262; 2.2890625; 0.044450000000000003; 1; 1; 18.262708029469398; 2317.3747211280197; 72; 0.021324062757103648; 15.720624175320744; 0; 3083.8978888319252; 64; 0.031474636330099566; 1; 0.190245; 0.90592334494773519; 
0; 1; 1; 0; 232; 234; 2.2890625; 0.043867999999999997; 1; 1; 13.528181482161578; 2324.987068929765; 88; 0.05706222202575454; 15.101589805809835; 0; 2764.9702754057625; 58; 0.017602436155238984; 1; 0.20147000000000001; 0.90272373540856032; 
0; 1; 1; 0; 343; 345; 2.2890625; 0.039898999999999997; 1; 1; 18.798647707268515; 2381.9434883579852; 68; 0.023820273558190917; 20.589538525252191; 0; 3283.4467237316676; 68; 0.026970326809817383; 1; 0.29547899999999999; 0.83454987834549876; 
0; 1; 1; 0; 222; 224; 2.2890625; 0.043081000000000001; 1; 1; 17.653767354941436; 2558.3608643787543; 88; 0.035466857787340225; 17.202368400122282; 0; 3212.9333297342487; 66; 0.029326207628284556; 1; 0.157194; 0.9098360655737705; 
0; 1; 1; 0; 248; 250; 2.2890625; 0.055154000000000002; 1; 1; 13.686793884582073; 2339.1312689292045; 76; 0.042408820999941983; 12.719894195618924; 0; 3009.2133204559013; 62; 0.024943139715224837; 1; 0.220494; 0.83501683501683499; 
0; 1; 1; 0; 310; 312; 2.2890625; 0.037402999999999999; 1; 1; 19.021277620947128; 2336.9608297294553; 64; 0.018822349537102052; 15.861790967468727; 0; 3214.7262298434352; 66; 0.026792941696045139; 1; 0.285999; 0.82666666666666666; 
0; 1; 1; 0; 239; 241; 2.2890625; 0.048493000000000001; 1; 1; 15.744235073110531; 2453.8939366946202; 68; 0.019405997062511851; 15.598906956475201; 0; 3001.2409468876072; 63; 0.019687713604198485; 1; 0.22373399999999999; 0.85663082437275984; 
0; 1; 1; 0; 263; 265; 2.2890625; 0.039375; 1; 1; 16.06407371615121; 2239.5577284390838; 112; 0.052599769002059212; 16.203394297388698; 0; 3042.148049899854; 63; 0.023120200547206246; 1; 0.220446; 0.88552188552188549; 
0; 1; 1; 0; 317; 319; 2.2890625; 0.059249000000000003; 1; 1; 14.414677409658827; 2235.4455054360897; 128; 0.10573974880017223; 15.787990281238644; 0; 3331.9494393628188; 68; 0.027691363007339674; 1; 0.28076899999999999; 0.82552083333333337; 
0; 1; 1; 0; 328; 330; 2.2890625; 0.060817000000000003; 1; 1; 13.346984141607871; 2445.165575354235; 92; 0.036916397808748926; 14.642012640807545; 0; 3020.8165167521106; 64; 0.030597614467283176; 1; 0.30368800000000001; 0.87234042553191493; 
0; 1; 1; 0; 224; 226; 2.2890625; 0.032044999999999997; 1; 1; 15.994309959251474; 2293.7818704828833; 72; 0.030788101874820784; 18.583848599493543; 0; 3121.9374066306768; 65; 0.025447058009493838; 1; 0.17244699999999999; 0.86821705426356588; 
0; 1; 1; 0; 188; 190; 2.2890625; 0.049916000000000002; 1; 1; 15.982156338681628; 2218.0767361734775; 88; 0.063190150987508117; 17.137401480677788; 0; 2654.6612827693575; 55; 0.022398742335615493; 1; 0.142682; 0.93999999999999995; 
0; 1; 1; 0; 138; 140; 2.2890625; 0.040882000000000002; 1; 1; 11.051488810560802; 2192.7376207625962; 64; 0.019751749808043288; 13.837902834119904; 0; 3017.6619957132216; 63; 0.020544765841687435; 1; 0.096764000000000003; 0.88461538461538458; 
0; 1; 1; 0; 338; 340; 2.2890625; 0.052339999999999998; 1; 1; 15.921073479830358; 2373.851344032566; 76; 0.026938163420847806; 16.420428631697025; 0; 3067.2314140146045; 65; 0.028241638463155486; 1; 0.26659899999999997; 0.84079601990049746; 
0; 1; 1; 0; 240; 242; 2.2890625; 0.053019999999999998; 1; 1; 17.186712308042654; 2326.1928845646544; 72; 0.029224050172484663; 18.168569247617505; 0; 2969.4413227670902; 61; 0.022480524547531817; 1; 0.17585899999999999; 0.88235294117647056; 
0; 1; 1; 0; 328; 330; 2.2890625; 0.044660999999999999; 1; 1; 13.849443612424126; 2291.7643597992892; 76; 0.039749102523337125; 14.396749533426551; 0; 2665.0685710737098; 57; 0.029977069942084995; 1; 0.27091999999999999; 0.86772486772486768; 
0; 1; 1; 0; 242; 244; 2.2890625; 0.051873000000000002; 1; 1; 13.355636605381159; 2412.5928210159723; 160; 0.08644911068659758; 14.537678090770733; 0; 3071.6188480994269; 63; 0.023579757279473479; 1; 0.16774; 0.90636704119850187; 
0; 1; 1; 0; 275; 277; 2.2890625; 0.033397999999999997; 1; 1; 14.153013601577694; 2321.754616881758; 72; 0.029568496087534691; 15.365533335483399; 0; 3035.5128896895908; 63; 0.019507984529914611; 1; 0.23852799999999999; 0.84355828220858897; 
0; 1; 1; 0; 242; 244; 2.2890625; 0.049778999999999997; 1; 1; 12.653738577620278; 2410.2796716072903; 80; 0.02484542456431663; 15.171728418760379; 0; 2832.525363243356; 59; 0.024609549599974273; 1; 0.191968; 0.80132450331125826; 
0; 1; 1; 0; 255; 257; 2.2890625; 0.057095; 1; 1; 12.79226316102018; 2311.9317172974988; 92; 0.050590137797264616; 14.634199977465579; 0; 2896.2656282419603; 61; 0.024537550985143437; 1; 0.20987600000000001; 0.83606557377049184; 
0; 1; 1; 0; 232; 234; 2.2890625; 0.054778; 1; 1; 12.762885968948302; 2490.8818538723008; 80; 0.034668501283355496; 15.26976815596035; 0; 3077.8022891450532; 64; 0.028035686641425785; 1; 0.179892; 0.88212927756653992; 
0; 1; 1; 0; 278; 280; 2.2890625; 0.054290999999999999; 1; 1; 19.260343353854282; 2301.465395888868; 72; 0.027167678173158318; 16.25400693898597; 0; 3219.6543057328454; 67; 0.028396852302328805; 1; 0.208839; 0.84756097560975607; 
0; 1; 1; 0; 173; 175; 2.2890625; 0.034360000000000002; 1; 1; 13.058604475848954; 2266.7206498705336; 42; 0.0086434093996102038; 17.029823531101513; 0; 2838.9057729156843; 58; 0.022415497414563217; 1; 0.11912; 0.85221674876847286; 
0; 1; 1; 0; 199; 201; 2.2890625; 0.050627999999999999; 1; 1; 14.678801260342247; 2248.674676113264; 80; 0.034357248476737941; 16.320250258142671; 0; 2975.2022484935715; 62; 0.023603462601392892; 1; 0.134877; 0.88053097345132747; 
0; 1; 1; 0; 198; 200; 2.2890625; 0.050007999999999997; 1; 1; 12.306071103310144; 2237.6203006816922; 88; 0.080142500297634756; 15.510769108636776; 0; 2924.0671459424739; 61; 0.024326408372046034; 1; 0.156884; 0.89189189189189189; 
0; 1; 1; 0; 324; 326; 2.2890625; 0.055043000000000002; 1; 1; 13.282343587807558; 2259.4056984596054; 80; 0.038789876333390608; 15.420607798673974; 0; 3029.8206377108781; 63; 0.028590671952760969; 1; 0.23449999999999999; 0.86399999999999999; 
0; 1; 1; 0; 229; 231; 2.2890625; 0.044778999999999999; 1; 1; 12.89042786437814; 2438.3529003787958; 80; 0.036169390273989986; 14.093934970088494; 0; 3139.6212356393708; 64; 0.025028562862536432; 1; 0.16256100000000001; 0.83576642335766427; 
0; 1; 1; 0; 172; 174; 2.2890625; 0.060840999999999999; 1; 1; 15.793280239622026; 2278.3499826811335; 136; 0.16703018050308854; 16.423734124219063; 0; 2869.4578496445447; 60; 0.023650270141790272; 1; 0.138095; 0.86432160804020097; 
0; 1; 1; 0; 294; 296; 2.2890625; 0.039387999999999999; 1; 1; 12.292820185439226; 2190.5673517103273; 68; 0.019053343431895336; 16.919388724268341; 0; 2638.5668752312795; 56; 0.016170877652052437; 1; 0.23819399999999999; 0.83999999999999997; 
0; 1; 1; 0; 228; 230; 2.2890625; 0.044775000000000002; 1; 1; 17.704304591807727; 2338.3577371032329; 68; 0.022775032027554695; 15.23174516560726; 0; 3062.6915907146445; 64; 0.023342724909475632; 1; 0.15765100000000001; 0.90118577075098816; 
.
geometric_RRTConnect
7 common properties
longest_valid_segment_fraction = 0.01
projection.cellsize.0 = 82.849999999999994
projection.cellsize.1 = 76.200003051757818
projection.cellsize.2 = 22.475000000000001
projection.cellsize_factor = 
range = 100
valid_segment_count_factor = 1
22 properties for each run
approximate solution BOOLEAN
correct solution BOOLEAN
correct solution strict BOOLEAN
crashed BOOLEAN
graph motions INTEGER
graph states INTEGER
memory REAL
simplification time REAL
simplified correct solution BOOLEAN
simplified correct solution strict BOOLEAN
simplified solution clearance REAL
simplified solution length REAL
simplified solution segments INTEGER
simplified solution smoothness REAL
solution clearance REAL
solution difference REAL
solution length REAL
solution segments INTEGER
solution smoothness REAL
solved BOOLEAN
time REAL
valid segment fraction REAL
50 runs
0; 1; 1; 0; 345; 347; 2.2890625; 0.051237999999999999; 1; 1; 24.07136052133956; 2709.7992829886844; 88; 0.032898562783946837; 20.552128376393441; 0; 3474.9837665387035; 40; 0.008783809811911061; 1; 0.34134900000000001; 0.32182835820895522; 
0; 1; 1; 0; 142; 144; 2.2890625; 0.055041; 1; 1; 23.044527638717504; 2588.7585473633244; 136; 0.09605152367661085; 22.044846756029102; 0; 3348.0281626725864; 41; 0.010350374846026623; 1; 0.130749; 0.27413127413127414; 
0; 1; 1; 0; 146; 148; 2.2890625; 0.049350999999999999; 1; 1; 19.632837432072851; 2482.6174535623468; 68; 0.040162339433270453; 20.601612304346958; 0; 3097.8200473248953; 37; 0.0069785687230995057; 1; 0.12948200000000001; 0.21037463976945245; 
0; 1; 1; 0; 432; 434; 2.2890625; 0.041304; 1; 1; 20.491213368365521; 2440.7857646924872; 88; 0.033322777993738013; 17.47250349929789; 0; 2900.6374592712987; 36; 0.016336416849522317; 1; 0.39105400000000001; 0.36090225563909772; 
0; 1; 1; 0; 177; 179; 2.2890625; 0.037204000000000001; 1; 1; 15.292443614687029; 2487.8232574594654; 68; 0.030308920868431451; 16.292223180673197; 0; 3398.8984456883195; 39; 0.0073525870552234463; 1; 0.16506799999999999; 0.47453083109919569; 
0; 1; 1; 0; 126; 128; 2.2890625; 0.034750999999999997; 1; 1; 19.320071318872095; 2411.7655472205797; 60; 0.014053720489865635; 17.703725730873515; 0; 2998.0582641402862; 35; 0.0082314812735878335; 1; 0.12547700000000001; 0.31738035264483627; 
0; 1; 1; 0; 76; 78; 2.2890625; 0.036733000000000002; 1; 1; 19.33842995056888; 2420.6244728874503; 80; 0.025679189514164365; 19.737473165305907; 0; 2790.2565804998035; 31; 0.0034686593072336658; 1; 0.094216999999999995; 0.2620689655172414; 
0; 1; 1; 0; 284; 286; 2.2890625; 0.043691000000000001; 1; 1; 23.842808001622007; 2600.0480288980043; 68; 0.022739232280092878; 21.3701986251756; 0; 3271.7275944848716; 36; 0.0037818713790801835; 1; 0.288323; 0.34052757793764987; 
0; 1; 1; 0; 270; 272; 2.30078125; 0.040004999999999999; 1; 1; 16.425236456488168; 2539.3294307025712; 72; 0.027897863493579037; 16.727245953044161; 0; 3046.6485749922758; 35; 0.0089245900399606178; 1; 0.27358500000000002; 0.31070195627157654; 
0; 1; 1; 0; 158; 160; 2.30078125; 0.041637; 1; 1; 20.296418114221431; 2569.2474707455644; 76; 0.021943687058463387; 19.27684162845372; 0; 3179.8731156537883; 37; 0.0077965856787823879; 1; 0.14718500000000001; 0.30799220272904482; 
0; 1; 1; 0; 194; 196; 2.35546875; 0.039065999999999997; 1; 1; 19.062993349905241; 2490.0428661857754; 64; 0.021981084365879179; 20.759770783312842; 0; 3136.4552892987044; 38; 0.0086195365019060347; 1; 0.189697; 0.28912071535022354; 
0; 1; 1; 0; 119; 121; 2.35546875; 0.042289; 1; 1; 17.477361192635236; 2519.0612278356766; 128; 0.085044576545876424; 21.031668594145177; 0; 3480.616134679472; 41; 0.010042923027549002; 1; 0.107853; 0.27045454545454545; 
0; 1; 1; 0; 113; 115; 2.35546875; 0.030473; 1; 1; 20.267721375029236; 2355.2657609251241; 68; 0.021798470425715304; 21.025215928720485; 0; 2880.4505894727749; 32; 0.0049682028263718023; 1; 0.099692000000000003; 0.33333333333333331; 
0; 1; 1; 0; 87; 89; 2.35546875; 0.050736999999999997; 1; 1; 17.123174752285294; 2439.3013845931027; 120; 0.061913507730969014; 18.062528415281719; 0; 3112.9449111512477; 34; 0.0040075859026203683; 1; 0.071487999999999996; 0.4009216589861751; 
0; 1; 1; 0; 99; 101; 2.35546875; 0.049397000000000003; 1; 1; 20.175603513414817; 2691.1481739995606; 152; 0.085677002523995557; 17.728295570208324; 0; 3199.3093690238979; 35; 0.0049517841681512029; 1; 0.088703000000000004; 0.47142857142857142; 
0; 1; 1; 0; 154; 156; 2.35546875; 0.038063; 1; 1; 21.044873493814869; 2460.4489327150659; 68; 0.022711592767394245; 17.393716018393079; 0; 3114.8019523852508; 37; 0.0080826104981853251; 1; 0.14671699999999999; 0.23511450381679388; 
0; 1; 1; 0; 227; 229; 2.35546875; 0.034402000000000002; 1; 1; 16.004250508305073; 2269.9091444831856; 68; 0.021453356169739465; 17.609444528000672; 0; 2763.2214874615347; 33; 0.0075471699528199916; 1; 0.238089; 0.25391498881431768; 
0; 1; 1; 0; 140; 142; 2.35546875; 0.039093999999999997; 1; 1; 12.007222898359393; 2426.5700255310899; 64; 0.022157835780443863; 20.190778679659701; 0; 3074.8905590078234; 35; 0.0058435391959750036; 1; 0.12485599999999999; 0.3491271820448878; 
0; 1; 1; 0; 212; 214; 2.35546875; 0.044338000000000002; 1; 1; 23.670099861810435; 2500.2306197193348; 72; 0.020487479294143501; 24.180900863137456; 0; 3023.1594125385664; 36; 0.0069439502320562067; 1; 0.19336800000000001; 0.33021806853582553; 
0; 1; 1; 0; 87; 89; 2.35546875; 0.036711000000000001; 1; 1; 15.902549283613792; 2311.6253468328168; 68; 0.022112839624090004; 16.31524843778373; 0; 2884.7574554583748; 32; 0.0049046800764907701; 1; 0.092135999999999996; 0.35510204081632651; 
0; 1; 1; 0; 153; 155; 2.35546875; 0.040599000000000003; 1; 1; 22.690170845313112; 2607.7364497067056; 80; 0.036024211026093107; 21.186439813827043; 0; 2985.8141969035387; 33; 0.0040175495633839823; 1; 0.14172199999999999; 0.28021978021978022; 
0; 1; 1; 0; 83; 85; 2.359375; 0.038774999999999997; 1; 1; 16.34546128897416; 2502.9422940694167; 60; 0.016775042546010071; 19.743034148605499; 0; 3142.9119340070147; 37; 0.0091001957346992079; 1; 0.087051000000000003; 0.32936507936507936; 
0; 1; 1; 0; 126; 128; 2.359375; 0.038880999999999999; 1; 1; 17.746119815804693; 2380.8884701311949; 68; 0.019455732244933695; 18.182551620742728; 0; 2927.4322011609229; 35; 0.0083332178772557042; 1; 0.124193; 0.33070866141732286; 
0; 1; 1; 0; 185; 187; 2.359375; 0.048566999999999999; 1; 1; 21.521805900249973; 2359.840494699637; 144; 0.19206531273697605; 22.764310205679109; 0; 2906.1405237467693; 35; 0.0083042075010748215; 1; 0.198353; 0.29088050314465408; 
0; 1; 1; 0; 89; 91; 2.359375; 0.037233000000000002; 1; 1; 18.877593276819859; 2338.6613130944124; 68; 0.022225873956611998; 16.097171345512244; 0; 2937.3705024282276; 35; 0.0071467217794754382; 1; 0.099923999999999999; 0.32014388489208634; 
0; 1; 1; 0; 116; 118; 2.359375; 0.046124999999999999; 1; 1; 19.821673322359615; 2453.3658101818946; 128; 0.072993989587617228; 20.59616250837999; 0; 2886.3585105822999; 32; 0.0035257318640033097; 1; 0.12393; 0.3515151515151515; 
0; 1; 1; 0; 338; 340; 2.359375; 0.038893999999999998; 1; 1; 16.9893516403896; 2626.7119251531994; 54; 0.031046803176010926; 17.903361909404538; 0; 3011.6532696764734; 37; 0.018961366659303314; 1; 0.31209700000000001; 0.44240837696335078; 
0; 1; 1; 0; 104; 106; 2.38671875; 0.030471000000000002; 1; 1; 17.621740000719171; 2443.2849292064466; 64; 0.017385569448486404; 17.272246836271961; 0; 3129.1965921736678; 34; 0.0064291941314692054; 1; 0.084948999999999997; 0.29050279329608941; 
0; 1; 1; 0; 185; 187; 2.38671875; 0.053029; 1; 1; 17.49746475668233; 2432.6811288738327; 152; 0.13365944502887497; 17.532260921225255; 0; 3034.822823142601; 36; 0.008388382198426662; 1; 0.197495; 0.21612149532710281; 
0; 1; 1; 0; 123; 125; 2.38671875; 0.056161999999999997; 1; 1; 14.909099021598703; 2372.2246487331727; 72; 0.032710536121382118; 16.297204487037433; 0; 2806.3599698000417; 35; 0.0098804812127937687; 1; 0.11525000000000001; 0.32453825857519791; 
0; 1; 1; 0; 147; 149; 2.38671875; 0.046210000000000001; 1; 1; 15.291339552267313; 2381.5568889420661; 72; 0.025103277173042216; 19.496995389607946; 0; 3069.0613440138604; 38; 0.012220772272018451; 1; 0.14078599999999999; 0.37789203084832906; 
0; 1; 1; 0; 456; 458; 2.38671875; 0.042280999999999999; 1; 1; 18.84727294295735; 2578.7956184320733; 72; 0.022691814078794448; 17.359492909507697; 0; 3096.6974636462132; 39; 0.01149175313845488; 1; 0.45202999999999999; 0.36685438455349961; 
0; 1; 1; 0; 290; 292; 2.38671875; 0.028608000000000001; 1; 1; 18.256827705544531; 2360.9885803058323; 80; 0.02879525046632609; 18.062405908784477; 0; 2552.4686649765495; 29; 0.0053787446048465908; 1; 0.24740500000000001; 0.51601423487544484; 
0; 1; 1; 0; 118; 120; 2.38671875; 0.030352000000000001; 1; 1; 24.504263560094721; 2624.1991617668755; 60; 0.014851127629159093; 17.48408834587509; 0; 3272.6881955125468; 36; 0.0047644857992944828; 1; 0.10251200000000001; 0.3532934131736527; 
0; 1; 1; 0; 285; 287; 2.38671875; 0.046842000000000002; 1; 1; 16.377628240736435; 2469.5862549089425; 76; 0.035002178352608736; 18.80526222348205; 0; 3118.1600939052646; 38; 0.0098706894941053315; 1; 0.25962499999999999; 0.32349602724177073; 
0; 1; 1; 0; 68; 70; 2.38671875; 0.033459000000000003; 1; 1; 15.252158340235439; 2387.9922837926256; 72; 0.026402606258498398; 16.476548041085785; 0; 2635.1703726007254; 29; 0.0031625812584187658; 1; 0.060148; 0.43312101910828027; 
0; 1; 1; 0; 66; 68; 2.38671875; 0.037671999999999997; 1; 1; 16.151663026287061; 2289.7737361031745; 104; 0.050224869221638525; 19.301017454894087; 0; 2885.7327465978528; 35; 0.0049313347617389756; 1; 0.055119000000000001; 0.71739130434782605; 
0; 1; 1; 0; 113; 115; 2.38671875; 0.036021999999999998; 1; 1; 18.618816176619386; 2445.0031706968866; 60; 0.013201302041502463; 15.128232298034726; 0; 3177.9733595739058; 36; 0.0065345564218866866; 1; 0.094293000000000002; 0.40794223826714804; 
0; 1; 1; 0; 217; 219; 2.38671875; 0.026981000000000002; 1; 1; 22.845851789841483; 2316.8516468529856; 60; 0.015895636948835966; 22.256939203224348; 0; 2921.6362599441727; 35; 0.0073989585554905327; 1; 0.225857; 0.29564032697547682; 
0; 1; 1; 0; 176; 178; 2.38671875; 0.060571; 1; 1; 22.284474973807416; 2497.3197690518346; 136; 0.096266706747314107; 21.103991827316012; 0; 3109.1792179307322; 38; 0.011058755131356514; 1; 0.16347800000000001; 0.29830508474576273; 
0; 1; 1; 0; 201; 203; 2.38671875; 0.046900999999999998; 1; 1; 15.45124621094649; 2392.0049089247327; 80; 0.028919216706492706; 17.190291997909899; 0; 3271.9810730817826; 41; 0.014324521212103451; 1; 0.22952800000000001; 0.26137841352405722; 
0; 1; 1; 0; 129; 131; 2.38671875; 0.031828000000000002; 1; 1; 20.012321538570845; 2435.0714574447825; 68; 0.028315762511776726; 16.970929799047425; 0; 2950.3612188689244; 35; 0.007874064357153529; 1; 0.107587; 0.24665391969407266; 
0; 1; 1; 0; 114; 116; 2.38671875; 0.042632000000000003; 1; 1; 18.671762099765559; 2414.2621171654041; 72; 0.029024238773071486; 18.304617716101077; 0; 3085.366722895053; 35; 0.0074637756196529849; 1; 0.09887; 0.40569395017793597; 
0; 1; 1; 0; 142; 144; 2.38671875; 0.039248999999999999; 1; 1; 18.797389696511235; 2482.7876747904479; 68; 0.019743047029085019; 16.860968295646483; 0; 3164.913880372289; 38; 0.0082459505450110226; 1; 0.15459500000000001; 0.23089430894308943; 
0; 1; 1; 0; 180; 182; 2.38671875; 0.035395999999999997; 1; 1; 20.221078339381233; 2484.7006816913376; 76; 0.026815221857752505; 21.198596312768057; 0; 2803.5888204024695; 34; 0.0087592138220495552; 1; 0.181538; 0.33457249070631973; 
0; 1; 1; 0; 136; 138; 2.38671875; 0.040122999999999999; 1; 1; 22.213291992671145; 2533.8803523687884; 76; 0.044483919813327777; 17.953874921827616; 0; 2873.4318838085251; 33; 0.0069593169086683403; 1; 0.14430999999999999; 0.23901581722319859; 
0; 1; 1; 0; 96; 98; 2.38671875; 0.038609999999999998; 1; 1; 17.571722085827524; 2261.8582322002339; 72; 0.018990935267925495; 21.532681110458245; 0; 2721.8282089058025; 30; 0.003768512335634818; 1; 0.089216000000000004; 0.35424354243542433; 
0; 1; 1; 0; 72; 74; 2.38671875; 0.030873000000000001; 1; 1; 21.956161304864306; 2548.0673265725804; 76; 0.023682587688480736; 21.604463254420796; 0; 2820.9006559097379; 33; 0.0057848274376476206; 1; 0.057539; 0.46753246753246752; 
0; 1; 1; 0; 173; 175; 2.38671875; 0.037735999999999999; 1; 1; 19.320334539842772; 2449.5842923157752; 64; 0.016095836071556232; 23.642237436535627; 0; 2914.7847925152851; 35; 0.0091397125612608706; 1; 0.15055499999999999; 0.37445887445887444; 
0; 1; 1; 0; 153; 155; 2.38671875; 0.056246999999999998; 1; 1; 17.938410017561896; 2409.3507009267819; 128; 0.081612979070913763; 17.579852033654291; 0; 2859.6673066019775; 35; 0.0067534167698735928; 1; 0.14632400000000001; 0.32008368200836818; 
.
geometric_RRTConnect
7 common properties
longest_valid_segment_fraction = 0.01
projection.cellsize.0 = 82.849999999999994
projection.cellsize.1 = 76.200003051757818
projection.cellsize.2 = 22.475000000000001
projection.cellsize_factor = 
range = 200
valid_segment_count_factor = 1
22 properties for each run
approximate solution BOOLEAN
correct solution BOOLEAN
correct solution strict BOOLEAN
crashed BOOLEAN
graph motions INTEGER
graph states INTEGER
memory REAL
simplification time REAL
simplified correct solution BOOLEAN
simplified correct solution strict BOOLEAN
simplified solution clearance REAL
simplified solution length REAL
simplified solution segments INTEGER
simplified solution smoothness REAL
solution clearance REAL
solution difference REAL
solution length REAL
solution segments INTEGER
solution smoothness REAL
solved BOOLEAN
time REAL
valid segment fraction REAL
50 runs
0; 1; 1; 0; 277; 279; 2.38671875; 0.032962999999999999; 1; 1; 20.850676416806614; 2400.8014279138506; 64; 0.016802050554133179; 21.739845773238038; 0; 3052.2421161150705; 29; 0.0071964360773544445; 1; 0.28244000000000002; 0.14018218623481782; 
0; 1; 1; 0; 1056; 1058; 2.390625; 0.037367999999999998; 1; 1; 22.082721782392483; 2507.6583440796221; 72; 0.034354815902212066; 20.884363581038038; 0; 2994.4123438361435; 27; 0.0047225661461176467; 1; 1.0041629999999999; 0.18323789692868298; 
0; 1; 1; 0; 355; 357; 2.5625; 0.047224000000000002; 1; 1; 15.684222297367906; 2460.4955338431027; 76; 0.031139649620392115; 16.163224720357061; 0; 2863.8387874234422; 27; 0.0071879890464807018; 1; 0.37500699999999998; 0.14177316293929712; 
0; 1; 1; 0; 68; 70; 2.5625; 0.040246999999999998; 1; 1; 18.774919009409718; 2475.2303923418867; 120; 0.063514215137870519; 22.867698936541064; 0; 2981.6314110903709; 25; 0.0059768127752154862; 1; 0.089604000000000003; 0.098981077147016011; 
0; 1; 1; 0; 390; 392; 2.5625; 0.051777999999999998; 1; 1; 19.937596612663651; 2523.8507365069827; 76; 0.027543506493077369; 20.742399559252362; 0; 3090.2588961243; 32; 0.012607575489459762; 1; 0.37140099999999998; 0.17294900221729489; 
0; 1; 1; 0; 668; 670; 2.5625; 0.051680999999999998; 1; 1; 22.913262264579185; 2391.7330464112897; 80; 0.039572704368286922; 22.511306767331991; 0; 2808.3120948546393; 32; 0.017766195990053524; 1; 0.65527199999999997; 0.18093174431202599; 
0; 1; 1; 0; 530; 532; 2.46484375; 0.047829000000000003; 1; 1; 20.640196783184962; 2641.161314476401; 92; 0.068565029093147128; 19.669540071517975; 0; 3082.4986605892345; 31; 0.011873039215773285; 1; 0.478163; 0.1868170602749383; 
0; 1; 1; 0; 155; 157; 2.45703125; 0.046753999999999997; 1; 1; 25.735083886403498; 2745.1861397249545; 84; 0.038164580167442029; 25.352228285643136; 0; 3205.8023844464924; 31; 0.0090958284304229389; 1; 0.16569900000000001; 0.11877394636015326; 
0; 1; 1; 0; 467; 469; 2.45703125; 0.035869999999999999; 1; 1; 20.5193844500821; 2320.9516178958261; 48; 0.010293974994524877; 23.142063755130874; 0; 3134.547466002613; 35; 0.022183130777887285; 1; 0.503552; 0.14224794395370088; 
0; 1; 1; 0; 196; 198; 2.45703125; 0.043992000000000003; 1; 1; 17.900637649624571; 2347.0888363351241; 56; 0.022126906322623277; 17.826201579701941; 0; 3194.4579611922991; 29; 0.0074621701641292906; 1; 0.20598900000000001; 0.16470588235294117; 
0; 1; 1; 0; 572; 574; 2.45703125; 0.042301999999999999; 1; 1; 21.66111087190124; 2617.0148710503954; 72; 0.030045191752468208; 21.362873905383999; 0; 3201.6133826283653; 32; 0.0071707132624932238; 1; 0.53792700000000004; 0.18251435864709636; 
0; 1; 1; 0; 180; 182; 2.45703125; 0.055244000000000001; 1; 1; 19.77761990580581; 2407.3818535689838; 80; 0.079309721204696856; 20.193940227071003; 0; 2736.3349554793735; 28; 0.0085378995871901227; 1; 0.17339299999999999; 0.16423357664233576; 
0; 1; 1; 0; 58; 60; 2.45703125; 0.033769; 1; 1; 23.0008793201293; 2583.038186285492; 64; 0.01486611798653033; 19.874558574446556; 0; 3056.4907455789648; 22; 0.0023457891619605453; 1; 0.062470999999999999; 0.15183246073298429; 
0; 1; 1; 0; 76; 78; 2.45703125; 0.059783000000000003; 1; 1; 22.518893244768609; 2361.9657693949976; 68; 0.020880111276336041; 20.224239725351907; 0; 2761.1736800123608; 22; 0.0030247935564058246; 1; 0.096004999999999993; 0.12179487179487179; 
0; 1; 1; 0; 150; 152; 2.45703125; 0.033987999999999997; 1; 1; 24.385125611432155; 2843.4132762462218; 76; 0.045399775282554754; 19.516448736344028; 0; 3160.409897440707; 25; 0.0048581595909553184; 1; 0.181585; 0.1111934766493699; 
0; 1; 1; 0; 168; 170; 2.45703125; 0.038766000000000002; 1; 1; 23.427602105358602; 2514.6843571262866; 112; 0.065610962283899191; 22.513309329297524; 0; 3294.1057833707214; 29; 0.0063082793252899972; 1; 0.168354; 0.12200435729847495; 
0; 1; 1; 0; 86; 88; 2.45703125; 0.041307000000000003; 1; 1; 22.176838138550615; 2372.8359345346862; 60; 0.015065172691336278; 22.309011012034883; 0; 2978.231743727928; 24; 0.003500077382180188; 1; 0.097165000000000001; 0.12338593974175036; 
0; 1; 1; 0; 259; 261; 2.45703125; 0.03628; 1; 1; 21.214916075155969; 2768.2659227725658; 128; 0.059725029016350517; 17.458945733087553; 0; 3265.2161741652617; 26; 0.0054666425560503983; 1; 0.28253600000000001; 0.12746062992125984; 
0; 1; 1; 0; 170; 172; 2.45703125; 0.056585000000000003; 1; 1; 22.560167172904844; 2475.0851431543442; 136; 0.16508786192446023; 20.34011063491581; 0; 2848.9121074837281; 27; 0.010257727400236784; 1; 0.199541; 0.13006885998469778; 
0; 1; 1; 0; 202; 204; 2.45703125; 0.027792000000000001; 1; 1; 21.939559159583023; 2675.6048446965665; 64; 0.019259373937805802; 20.914196899072554; 0; 3087.4539709660289; 25; 0.0050884397957128092; 1; 0.20117599999999999; 0.14449213161659513; 
0; 1; 1; 0; 303; 305; 2.45703125; 0.043818000000000003; 1; 1; 23.945999903245838; 2823.9878007371435; 84; 0.08381169469087657; 17.498553162796977; 0; 3747.0436286874115; 37; 0.020386780053112459; 1; 0.344051; 0.13950276243093923; 
0; 1; 1; 0; 153; 155; 2.45703125; 0.033167000000000002; 1; 1; 22.325076590577336; 2527.3365747562111; 64; 0.019079060899964771; 21.693878839862954; 0; 2901.896580016547; 24; 0.0040605515191426385; 1; 0.16078100000000001; 0.13178294573643412; 
0; 1; 1; 0; 156; 158; 2.45703125; 0.047447999999999997; 1; 1; 17.584248720695996; 2491.8973191850296; 120; 0.076996925902351451; 15.760505490709964; 0; 3009.0199551766914; 30; 0.010565876455827997; 1; 0.16567599999999999; 0.13941018766756033; 
0; 1; 1; 0; 174; 176; 2.45703125; 0.038593000000000002; 1; 1; 19.79017881213289; 2314.5207268617519; 64; 0.021170070858971147; 21.496637364833852; 0; 2994.5616468448047; 27; 0.0068220478291118204; 1; 0.17479; 0.15591397849462366; 
0; 1; 1; 0; 306; 308; 2.45703125; 0.047260000000000003; 1; 1; 20.353524888485104; 2429.5972813981189; 128; 0.074907987799242154; 21.185244641276011; 0; 3191.4254573744984; 32; 0.0096526386531271945; 1; 0.29366500000000001; 0.15920915712799166; 
0; 1; 1; 0; 105; 107; 2.45703125; 0.034223000000000003; 1; 1; 25.295957003095239; 2783.9030679209536; 64; 0.011318045704119213; 19.595269732927289; 0; 3093.4660289294334; 24; 0.0015977133156842066; 1; 0.093412999999999996; 0.12836185819070906; 
0; 1; 1; 0; 167; 169; 2.45703125; 0.031413000000000003; 1; 1; 26.065895474737474; 2534.6101887913896; 64; 0.022184309986394257; 23.580164586578906; 0; 3262.3204339647482; 29; 0.005459663456590041; 1; 0.21140900000000001; 0.09504837791690382; 
0; 1; 1; 0; 444; 446; 2.45703125; 0.037513999999999999; 1; 1; 22.484958748275901; 2613.6376726877024; 76; 0.037169492884690986; 19.696160079335307; 0; 3166.6438520325651; 36; 0.029884527466363896; 1; 0.46096399999999998; 0.16567164179104477; 
0; 1; 1; 0; 144; 146; 2.71484375; 0.052486999999999999; 1; 1; 19.276481494770067; 2397.5759868622408; 136; 0.14036568122593052; 19.919856705577153; 0; 3143.3459985103163; 28; 0.0046513248376267675; 1; 0.178401; 0.1111111111111111; 
0; 1; 1; 0; 152; 154; 2.71484375; 0.034223999999999997; 1; 1; 19.597269220820504; 2468.2855546056444; 68; 0.021012366771178036; 20.141119337264488; 0; 3213.644461721693; 32; 0.013959031573279646; 1; 0.17577200000000001; 0.11959087332808813; 
0; 1; 1; 0; 193; 195; 2.71484375; 0.038413999999999997; 1; 1; 18.820322701891914; 2930.3261055411504; 80; 0.052857100627979658; 15.449675318951707; 0; 3172.9363948284222; 24; 0.0024861442065971986; 1; 0.187001; 0.18003731343283583; 
0; 1; 1; 0; 180; 182; 2.71484375; 0.039497999999999998; 1; 1; 23.515883625939797; 2581.5746668782494; 72; 0.024887197452263358; 18.022871713005731; 0; 3191.4231830176623; 33; 0.0070070976967134347; 1; 0.25332199999999999; 0.094587493431424072; 
0; 1; 1; 0; 257; 259; 2.71484375; 0.039071000000000002; 1; 1; 21.441050366334803; 2571.4886091630351; 68; 0.01977267636754014; 20.404765245212644; 0; 3153.5721954551977; 32; 0.010580131619887686; 1; 0.28015099999999998; 0.16133082234777149; 
0; 1; 1; 0; 175; 177; 2.71484375; 0.033510999999999999; 1; 1; 27.042117194168757; 2469.5252362709271; 60; 0.013186337357154321; 21.685366714396999; 0; 3261.7094484377753; 29; 0.0061768267354752058; 1; 0.189501; 0.13358778625954199; 
0; 1; 1; 0; 416; 418; 2.71484375; 0.061216; 1; 1; 20.421185384945357; 2525.1447879001444; 84; 0.043593262199175434; 19.208335065934783; 0; 3034.332519987855; 30; 0.0087043503810262813; 1; 0.42903000000000002; 0.15698113207547171; 
0; 1; 1; 0; 270; 272; 2.71484375; 0.064487000000000003; 1; 1; 19.753431072468175; 2596.6263132647532; 80; 0.029640301796784868; 14.234147352933784; 0; 3032.6232535903982; 30; 0.013341827471878526; 1; 0.31973699999999999; 0.14225500526870391; 
0; 1; 1; 0; 186; 188; 2.71484375; 0.036950999999999998; 1; 1; 24.815889415759155; 2476.3463851776305; 64; 0.015598193265296798; 23.35915936667908; 0; 2923.7949724704031; 27; 0.0041697447371158054; 1; 0.227274; 0.12148922273024167; 
0; 1; 1; 0; 141; 143; 2.71484375; 0.037088000000000003; 1; 1; 18.283007542448871; 2449.2523673304777; 60; 0.016465907642695371; 18.413032841154187; 0; 2778.012945184239; 23; 0.015133562480647985; 1; 0.149228; 0.13339640491958374; 
0; 1; 1; 0; 176; 178; 2.71484375; 0.051775000000000002; 1; 1; 16.145453534588292; 2478.3753500285356; 76; 0.028852285683586134; 14.83544518274185; 0; 3231.9185379069954; 33; 0.011947927629016357; 1; 0.21947; 0.11655629139072848; 
0; 1; 1; 0; 100; 102; 2.71484375; 0.039870000000000003; 1; 1; 18.834422535937588; 2702.8015240163527; 68; 0.016242373573973949; 17.968613996706676; 0; 3454.5774028460064; 28; 0.0034637443137235007; 1; 0.110203; 0.1201923076923077; 
0; 1; 1; 0; 57; 59; 2.71484375; 0.043579; 1; 1; 19.709853034317149; 2560.0987399521077; 68; 0.015872680345377293; 18.676953291764011; 0; 3089.4087380639166; 25; 0.0048531801081000267; 1; 0.089663000000000007; 0.069938650306748465; 
0; 1; 1; 0; 224; 226; 2.71484375; 0.054916; 1; 1; 20.142376610398415; 2557.737242646635; 76; 0.023624254120210915; 15.136974111571906; 0; 3007.7194741900062; 28; 0.005849222789961795; 1; 0.25749300000000003; 0.13583990297149787; 
0; 1; 1; 0; 118; 120; 2.71484375; 0.037137999999999997; 1; 1; 21.775567550883046; 2527.2515301740091; 60; 0.014717197974065002; 22.430342327617957; 0; 3220.1894705708382; 27; 0.0087170397337379101; 1; 0.13048399999999999; 0.11823647294589178; 
0; 1; 1; 0; 407; 409; 2.71484375; 0.041444000000000002; 1; 1; 21.68477200338867; 2628.1321005937216; 64; 0.016554063599806459; 19.047386830431805; 0; 3233.8702434245615; 30; 0.0071882379938189725; 1; 0.451067; 0.11960035263003232; 
0; 1; 1; 0; 139; 141; 2.71484375; 0.048300000000000003; 1; 1; 19.628736334876571; 2502.6630413952716; 120; 0.086266104125461984; 27.586532912500036; 0; 3148.3361381602235; 27; 0.00455472316602187; 1; 0.140403; 0.12488769092542677; 
0; 1; 1; 0; 478; 480; 2.71484375; 0.036059000000000001; 1; 1; 22.970677449396703; 2467.216235327307; 64; 0.017082938164491156; 18.333295312858912; 0; 3347.2063277437524; 31; 0.0081286780102170584; 1; 0.48370299999999999; 0.15838303512259774; 
0; 1; 1; 0; 136; 138; 2.71875; 0.038816999999999997; 1; 1; 24.076811888914762; 2824.7800816742683; 76; 0.032083357245038031; 19.640298302960268; 0; 3184.4767230661901; 27; 0.0046401703472229144; 1; 0.13018199999999999; 0.14514407684098185; 
0; 1; 1; 0; 146; 148; 2.71875; 0.041599999999999998; 1; 1; 23.0518644401001; 2608.4551481484818; 72; 0.024399416098380027; 21.569742819881004; 0; 2993.5507041416745; 28; 0.0060751649654991026; 1; 0.13439999999999999; 0.15005138746145941; 
0; 1; 1; 0; 234; 236; 2.71875; 0.035034000000000003; 1; 1; 18.513438923843143; 2331.7705750910945; 64; 0.020472336513796614; 20.490992783037353; 0; 2825.9231774333666; 28; 0.0063340661682152553; 1; 0.27221499999999998; 0.1263498920086393; 
0; 1; 1; 0; 128; 130; 2.71875; 0.036617999999999998; 1; 1; 24.999003749498911; 2494.0417429632207; 68; 0.030286685056065247; 22.234822709848604; 0; 3221.085630747521; 26; 0.0046352676782508602; 1; 0.134043; 0.14729574223245109; 
.
